2013-09-08 23:10:20.404 [info] <0.7.0> Application lager started on node cb_tutorial@a86d68723e7f
2013-09-08 23:10:20.419 [info] <0.67.0> Starting Boss in development mode....

2013-09-08 23:10:20.469 [info] <0.67.0> Starting master services on cb_tutorial@a86d68723e7f

2013-09-08 23:10:20.485 [info] <0.7.0> Application tinymq started on node cb_tutorial@a86d68723e7f
2013-09-08 23:10:20.600 [info] <0.67.0> SSL:[]

2013-09-08 23:10:20.640 [info] <0.7.0> Application boss started on node cb_tutorial@a86d68723e7f
2013-09-08 23:10:20.661 [info] <0.151.0> Loading routes from "/boss/cb_tutorial/priv/cb_tutorial.routes" ....
2013-09-08 23:10:25.696 [error] <0.97.0> Supervisor poolboy_sup had child boss_session_controller started with boss_session_controller:start_link([{size,20},{max_overflow,40},{adapter,boss_session_adapter_mock},{session_exp_time,525600},{session_key,...}]) at undefined exit with reason shutdown in context shutdown_error
2013-09-08 23:16:00.315 [info] <0.7.0> Application lager started on node cb_tutorial@a86d68723e7f
2013-09-08 23:16:00.328 [info] <0.67.0> Starting Boss in development mode....

2013-09-08 23:16:00.376 [info] <0.67.0> Starting master services on cb_tutorial@a86d68723e7f

2013-09-08 23:16:00.391 [info] <0.7.0> Application tinymq started on node cb_tutorial@a86d68723e7f
2013-09-08 23:16:00.504 [info] <0.67.0> SSL:[]

2013-09-08 23:16:00.543 [info] <0.7.0> Application boss started on node cb_tutorial@a86d68723e7f
2013-09-08 23:16:00.567 [info] <0.151.0> Loading routes from "/boss/cb_tutorial/priv/cb_tutorial.routes" ....
2013-09-08 23:16:00.755 [error] <0.67.0> gen_server boss_web terminated with reason: no match of right hand value {error,{"src/view/greeting/create.html",[{{11,4},erlydtl_parser,["syntax error before: ",["\"endblock\""]]}]}} in boss_load:'-load_views/3-fun-0-'/5 line 286
2013-09-08 23:16:00.789 [error] <0.67.0> CRASH REPORT Process boss_web with 0 neighbours exited with reason: no match of right hand value {error,{"src/view/greeting/create.html",[{{11,4},erlydtl_parser,["syntax error before: ",["\"endblock\""]]}]}} in boss_load:'-load_views/3-fun-0-'/5 line 286 in gen_server:terminate/6 line 744
2013-09-08 23:16:00.822 [error] <0.66.0> Supervisor boss_sup had child boss_web_controller started with boss_web_controller:start_link([{ip,"0.0.0.0"},{port,8001}]) at <0.67.0> exit with reason no match of right hand value {error,{"src/view/greeting/create.html",[{{11,4},erlydtl_parser,["syntax error before: ",["\"endblock\""]]}]}} in boss_load:'-load_views/3-fun-0-'/5 line 286 in context child_terminated
2013-09-08 23:16:00.855 [error] <0.132.0> gen_server boss_service_sup terminated with reason: no match of right hand value {error,{"src/view/greeting/create.html",[{{11,4},erlydtl_parser,["syntax error before: ",["\"endblock\""]]}]}} in boss_load:'-load_views/3-fun-0-'/5 line 286
2013-09-08 23:16:00.890 [error] <0.132.0> CRASH REPORT Process <0.132.0> with 0 neighbours exited with reason: no match of right hand value {error,{"src/view/greeting/create.html",[{{11,4},erlydtl_parser,["syntax error before: ",["\"endblock\""]]}]}} in boss_load:'-load_views/3-fun-0-'/5 line 286 in gen_server:terminate/6 line 744
2013-09-08 23:16:00.926 [error] <0.85.0> gen_server boss_db_sup terminated with reason: no match of right hand value {error,{"src/view/greeting/create.html",[{{11,4},erlydtl_parser,["syntax error before: ",["\"endblock\""]]}]}} in boss_load:'-load_views/3-fun-0-'/5 line 286
2013-09-08 23:16:00.957 [error] <0.85.0> CRASH REPORT Process boss_db_sup with 0 neighbours exited with reason: no match of right hand value {error,{"src/view/greeting/create.html",[{{11,4},erlydtl_parser,["syntax error before: ",["\"endblock\""]]}]}} in boss_load:'-load_views/3-fun-0-'/5 line 286 in gen_server:terminate/6 line 744
2013-09-08 23:16:00.991 [error] <0.83.0> gen_server boss_db_mock_sup terminated with reason: no match of right hand value {error,{"src/view/greeting/create.html",[{{11,4},erlydtl_parser,["syntax error before: ",["\"endblock\""]]}]}} in boss_load:'-load_views/3-fun-0-'/5 line 286
2013-09-08 23:16:01.022 [error] <0.83.0> CRASH REPORT Process <0.83.0> with 0 neighbours exited with reason: no match of right hand value {error,{"src/view/greeting/create.html",[{{11,4},erlydtl_parser,["syntax error before: ",["\"endblock\""]]}]}} in boss_load:'-load_views/3-fun-0-'/5 line 286 in gen_server:terminate/6 line 744
2013-09-08 23:16:01.054 [error] <0.95.0> gen_server boss_session_sup terminated with reason: no match of right hand value {error,{"src/view/greeting/create.html",[{{11,4},erlydtl_parser,["syntax error before: ",["\"endblock\""]]}]}} in boss_load:'-load_views/3-fun-0-'/5 line 286
2013-09-08 23:16:01.087 [error] <0.95.0> CRASH REPORT Process boss_session_sup with 0 neighbours exited with reason: no match of right hand value {error,{"src/view/greeting/create.html",[{{11,4},erlydtl_parser,["syntax error before: ",["\"endblock\""]]}]}} in boss_load:'-load_views/3-fun-0-'/5 line 286 in gen_server:terminate/6 line 744
2013-09-08 23:16:01.121 [error] <0.126.0> gen_server boss_news_sup terminated with reason: no match of right hand value {error,{"src/view/greeting/create.html",[{{11,4},erlydtl_parser,["syntax error before: ",["\"endblock\""]]}]}} in boss_load:'-load_views/3-fun-0-'/5 line 286
2013-09-08 23:16:01.155 [error] <0.126.0> CRASH REPORT Process <0.126.0> with 0 neighbours exited with reason: no match of right hand value {error,{"src/view/greeting/create.html",[{{11,4},erlydtl_parser,["syntax error before: ",["\"endblock\""]]}]}} in boss_load:'-load_views/3-fun-0-'/5 line 286 in gen_server:terminate/6 line 744
2013-09-08 23:16:01.187 [error] <0.118.0> gen_server boss_mq_sup terminated with reason: no match of right hand value {error,{"src/view/greeting/create.html",[{{11,4},erlydtl_parser,["syntax error before: ",["\"endblock\""]]}]}} in boss_load:'-load_views/3-fun-0-'/5 line 286
2013-09-08 23:16:01.223 [error] <0.118.0> CRASH REPORT Process <0.118.0> with 0 neighbours exited with reason: no match of right hand value {error,{"src/view/greeting/create.html",[{{11,4},erlydtl_parser,["syntax error before: ",["\"endblock\""]]}]}} in boss_load:'-load_views/3-fun-0-'/5 line 286 in gen_server:terminate/6 line 744
2013-09-08 23:16:01.254 [error] <0.93.0> gen_server boss_session_mock_sup terminated with reason: no match of right hand value {error,{"src/view/greeting/create.html",[{{11,4},erlydtl_parser,["syntax error before: ",["\"endblock\""]]}]}} in boss_load:'-load_views/3-fun-0-'/5 line 286
2013-09-08 23:16:01.288 [error] <0.93.0> CRASH REPORT Process <0.93.0> with 0 neighbours exited with reason: no match of right hand value {error,{"src/view/greeting/create.html",[{{11,4},erlydtl_parser,["syntax error before: ",["\"endblock\""]]}]}} in boss_load:'-load_views/3-fun-0-'/5 line 286 in gen_server:terminate/6 line 744
2013-09-08 23:16:01.320 [error] <0.153.0> gen_server <0.153.0> terminated with reason: no match of right hand value {error,{"src/view/greeting/create.html",[{{11,4},erlydtl_parser,["syntax error before: ",["\"endblock\""]]}]}} in boss_load:'-load_views/3-fun-0-'/5 line 286
2013-09-08 23:16:01.354 [error] <0.153.0> CRASH REPORT Process <0.153.0> with 0 neighbours exited with reason: no match of right hand value {error,{"src/view/greeting/create.html",[{{11,4},erlydtl_parser,["syntax error before: ",["\"endblock\""]]}]}} in boss_load:'-load_views/3-fun-0-'/5 line 286 in gen_server:terminate/6 line 744
2013-09-08 23:16:01.390 [error] <0.150.0> gen_server <0.150.0> terminated with reason: no match of right hand value {error,{"src/view/greeting/create.html",[{{11,4},erlydtl_parser,["syntax error before: ",["\"endblock\""]]}]}} in boss_load:'-load_views/3-fun-0-'/5 line 286
2013-09-08 23:16:01.423 [error] <0.150.0> CRASH REPORT Process <0.150.0> with 0 neighbours exited with reason: no match of right hand value {error,{"src/view/greeting/create.html",[{{11,4},erlydtl_parser,["syntax error before: ",["\"endblock\""]]}]}} in boss_load:'-load_views/3-fun-0-'/5 line 286 in gen_server:terminate/6 line 744
2013-09-08 23:16:01.454 [error] <0.128.0> gen_server boss_mail_sup terminated with reason: no match of right hand value {error,{"src/view/greeting/create.html",[{{11,4},erlydtl_parser,["syntax error before: ",["\"endblock\""]]}]}} in boss_load:'-load_views/3-fun-0-'/5 line 286
2013-09-08 23:16:01.488 [error] <0.128.0> CRASH REPORT Process boss_mail_sup with 0 neighbours exited with reason: no match of right hand value {error,{"src/view/greeting/create.html",[{{11,4},erlydtl_parser,["syntax error before: ",["\"endblock\""]]}]}} in boss_load:'-load_views/3-fun-0-'/5 line 286 in gen_server:terminate/6 line 744
2013-09-08 23:16:01.520 [error] <0.97.0> Supervisor poolboy_sup had child boss_session_controller started with boss_session_controller:start_link([{size,20},{max_overflow,40},{adapter,boss_session_adapter_mock},{session_exp_time,525600},{session_key,...}]) at undefined exit with reason shutdown in context shutdown_error
2013-09-08 23:16:01.553 [info] <0.163.0> Starting Boss in development mode....

2013-09-08 23:16:01.556 [info] <0.163.0> Starting master services on cb_tutorial@a86d68723e7f

2013-09-08 23:16:01.558 [info] <0.163.0> SSL:[]

2013-09-08 23:16:01.559 [info] <0.225.0> Loading routes from "/boss/cb_tutorial/priv/cb_tutorial.routes" ....
2013-09-08 23:16:01.561 [error] <0.163.0> gen_server boss_web terminated with reason: no match of right hand value {error,{"src/view/greeting/create.html",[{{11,4},erlydtl_parser,["syntax error before: ",["\"endblock\""]]}]}} in boss_load:'-load_views/3-fun-0-'/5 line 286
2013-09-08 23:16:01.598 [error] <0.163.0> CRASH REPORT Process boss_web with 0 neighbours exited with reason: no match of right hand value {error,{"src/view/greeting/create.html",[{{11,4},erlydtl_parser,["syntax error before: ",["\"endblock\""]]}]}} in boss_load:'-load_views/3-fun-0-'/5 line 286 in gen_server:terminate/6 line 744
2013-09-08 23:16:01.633 [error] <0.66.0> Supervisor boss_sup had child boss_web_controller started with boss_web_controller:start_link([{ip,"0.0.0.0"},{port,8001}]) at <0.163.0> exit with reason no match of right hand value {error,{"src/view/greeting/create.html",[{{11,4},erlydtl_parser,["syntax error before: ",["\"endblock\""]]}]}} in boss_load:'-load_views/3-fun-0-'/5 line 286 in context child_terminated
2013-09-08 23:16:01.667 [error] <0.206.0> gen_server boss_service_sup terminated with reason: no match of right hand value {error,{"src/view/greeting/create.html",[{{11,4},erlydtl_parser,["syntax error before: ",["\"endblock\""]]}]}} in boss_load:'-load_views/3-fun-0-'/5 line 286
2013-09-08 23:16:01.700 [error] <0.206.0> CRASH REPORT Process <0.206.0> with 0 neighbours exited with reason: no match of right hand value {error,{"src/view/greeting/create.html",[{{11,4},erlydtl_parser,["syntax error before: ",["\"endblock\""]]}]}} in boss_load:'-load_views/3-fun-0-'/5 line 286 in gen_server:terminate/6 line 744
2013-09-08 23:16:01.737 [error] <0.208.0> CRASH REPORT Process <0.208.0> with 0 neighbours exited with reason: {{{badmatch,{error,{"src/view/greeting/create.html",[{{11,4},erlydtl_parser,["syntax error before: ",["\"endblock\""]]}]}}},[{boss_load,'-load_views/3-fun-0-',5,[{file,"src/boss/boss_load.erl"},{line,286}]},{lists,foldr,3,[{file,"lists.erl"},{line,1261}]},{boss_load,load_views,3,[{file,"src/boss/boss_load.erl"},{line,283}]},{boss_load,load_all_modules,3,[{file,"src/boss/boss_load.erl"},{line,33}]},{boss_web_controller,'-handle_info/2-fun-0-',2,[{file,"src/boss/boss_web_controller.erl"},{line,...}]},...]},...} in gen_server:call/2 line 180
2013-09-08 23:16:01.769 [error] <0.167.0> gen_server boss_db_sup terminated with reason: no match of right hand value {error,{"src/view/greeting/create.html",[{{11,4},erlydtl_parser,["syntax error before: ",["\"endblock\""]]}]}} in boss_load:'-load_views/3-fun-0-'/5 line 286
2013-09-08 23:16:01.800 [error] <0.167.0> CRASH REPORT Process boss_db_sup with 0 neighbours exited with reason: no match of right hand value {error,{"src/view/greeting/create.html",[{{11,4},erlydtl_parser,["syntax error before: ",["\"endblock\""]]}]}} in boss_load:'-load_views/3-fun-0-'/5 line 286 in gen_server:terminate/6 line 744
2013-09-08 23:16:01.832 [error] <0.165.0> gen_server boss_db_mock_sup terminated with reason: no match of right hand value {error,{"src/view/greeting/create.html",[{{11,4},erlydtl_parser,["syntax error before: ",["\"endblock\""]]}]}} in boss_load:'-load_views/3-fun-0-'/5 line 286
2013-09-08 23:16:01.866 [error] <0.165.0> CRASH REPORT Process <0.165.0> with 0 neighbours exited with reason: no match of right hand value {error,{"src/view/greeting/create.html",[{{11,4},erlydtl_parser,["syntax error before: ",["\"endblock\""]]}]}} in boss_load:'-load_views/3-fun-0-'/5 line 286 in gen_server:terminate/6 line 744
2013-09-08 23:16:01.899 [error] <0.177.0> gen_server boss_session_sup terminated with reason: no match of right hand value {error,{"src/view/greeting/create.html",[{{11,4},erlydtl_parser,["syntax error before: ",["\"endblock\""]]}]}} in boss_load:'-load_views/3-fun-0-'/5 line 286
2013-09-08 23:16:01.934 [error] <0.177.0> CRASH REPORT Process boss_session_sup with 0 neighbours exited with reason: no match of right hand value {error,{"src/view/greeting/create.html",[{{11,4},erlydtl_parser,["syntax error before: ",["\"endblock\""]]}]}} in boss_load:'-load_views/3-fun-0-'/5 line 286 in gen_server:terminate/6 line 744
2013-09-08 23:16:01.965 [error] <0.202.0> gen_server boss_news_sup terminated with reason: no match of right hand value {error,{"src/view/greeting/create.html",[{{11,4},erlydtl_parser,["syntax error before: ",["\"endblock\""]]}]}} in boss_load:'-load_views/3-fun-0-'/5 line 286
2013-09-08 23:16:01.996 [error] <0.202.0> CRASH REPORT Process <0.202.0> with 0 neighbours exited with reason: no match of right hand value {error,{"src/view/greeting/create.html",[{{11,4},erlydtl_parser,["syntax error before: ",["\"endblock\""]]}]}} in boss_load:'-load_views/3-fun-0-'/5 line 286 in gen_server:terminate/6 line 744
2013-09-08 23:16:02.030 [error] <0.200.0> gen_server boss_mq_sup terminated with reason: no match of right hand value {error,{"src/view/greeting/create.html",[{{11,4},erlydtl_parser,["syntax error before: ",["\"endblock\""]]}]}} in boss_load:'-load_views/3-fun-0-'/5 line 286
2013-09-08 23:16:02.065 [error] <0.200.0> CRASH REPORT Process <0.200.0> with 0 neighbours exited with reason: no match of right hand value {error,{"src/view/greeting/create.html",[{{11,4},erlydtl_parser,["syntax error before: ",["\"endblock\""]]}]}} in boss_load:'-load_views/3-fun-0-'/5 line 286 in gen_server:terminate/6 line 744
2013-09-08 23:16:02.098 [error] <0.175.0> gen_server boss_session_mock_sup terminated with reason: no match of right hand value {error,{"src/view/greeting/create.html",[{{11,4},erlydtl_parser,["syntax error before: ",["\"endblock\""]]}]}} in boss_load:'-load_views/3-fun-0-'/5 line 286
2013-09-08 23:16:02.131 [error] <0.175.0> CRASH REPORT Process <0.175.0> with 0 neighbours exited with reason: no match of right hand value {error,{"src/view/greeting/create.html",[{{11,4},erlydtl_parser,["syntax error before: ",["\"endblock\""]]}]}} in boss_load:'-load_views/3-fun-0-'/5 line 286 in gen_server:terminate/6 line 744
2013-09-08 23:16:02.165 [error] <0.227.0> gen_server <0.227.0> terminated with reason: no match of right hand value {error,{"src/view/greeting/create.html",[{{11,4},erlydtl_parser,["syntax error before: ",["\"endblock\""]]}]}} in boss_load:'-load_views/3-fun-0-'/5 line 286
2013-09-08 23:16:02.196 [error] <0.227.0> CRASH REPORT Process <0.227.0> with 0 neighbours exited with reason: no match of right hand value {error,{"src/view/greeting/create.html",[{{11,4},erlydtl_parser,["syntax error before: ",["\"endblock\""]]}]}} in boss_load:'-load_views/3-fun-0-'/5 line 286 in gen_server:terminate/6 line 744
2013-09-08 23:16:02.229 [error] <0.224.0> gen_server <0.224.0> terminated with reason: no match of right hand value {error,{"src/view/greeting/create.html",[{{11,4},erlydtl_parser,["syntax error before: ",["\"endblock\""]]}]}} in boss_load:'-load_views/3-fun-0-'/5 line 286
2013-09-08 23:16:02.260 [error] <0.224.0> CRASH REPORT Process <0.224.0> with 0 neighbours exited with reason: no match of right hand value {error,{"src/view/greeting/create.html",[{{11,4},erlydtl_parser,["syntax error before: ",["\"endblock\""]]}]}} in boss_load:'-load_views/3-fun-0-'/5 line 286 in gen_server:terminate/6 line 744
2013-09-08 23:16:02.293 [error] <0.204.0> gen_server boss_mail_sup terminated with reason: no match of right hand value {error,{"src/view/greeting/create.html",[{{11,4},erlydtl_parser,["syntax error before: ",["\"endblock\""]]}]}} in boss_load:'-load_views/3-fun-0-'/5 line 286
2013-09-08 23:16:02.325 [error] <0.204.0> CRASH REPORT Process boss_mail_sup with 0 neighbours exited with reason: no match of right hand value {error,{"src/view/greeting/create.html",[{{11,4},erlydtl_parser,["syntax error before: ",["\"endblock\""]]}]}} in boss_load:'-load_views/3-fun-0-'/5 line 286 in gen_server:terminate/6 line 744
2013-09-08 23:16:02.358 [error] <0.179.0> Supervisor poolboy_sup had child boss_session_controller started with boss_session_controller:start_link([{size,20},{max_overflow,40},{adapter,boss_session_adapter_mock},{session_exp_time,525600},{session_key,...}]) at undefined exit with reason shutdown in context shutdown_error
2013-09-08 23:16:02.392 [info] <0.239.0> Starting Boss in development mode....

2013-09-08 23:16:02.396 [info] <0.239.0> Starting master services on cb_tutorial@a86d68723e7f

2013-09-08 23:16:02.398 [info] <0.239.0> SSL:[]

2013-09-08 23:16:02.400 [info] <0.301.0> Loading routes from "/boss/cb_tutorial/priv/cb_tutorial.routes" ....
2013-09-08 23:16:02.403 [error] <0.239.0> gen_server boss_web terminated with reason: no match of right hand value {error,{"src/view/greeting/create.html",[{{11,4},erlydtl_parser,["syntax error before: ",["\"endblock\""]]}]}} in boss_load:'-load_views/3-fun-0-'/5 line 286
2013-09-08 23:16:02.432 [error] <0.239.0> CRASH REPORT Process boss_web with 0 neighbours exited with reason: no match of right hand value {error,{"src/view/greeting/create.html",[{{11,4},erlydtl_parser,["syntax error before: ",["\"endblock\""]]}]}} in boss_load:'-load_views/3-fun-0-'/5 line 286 in gen_server:terminate/6 line 744
2013-09-08 23:16:02.469 [error] <0.66.0> Supervisor boss_sup had child boss_web_controller started with boss_web_controller:start_link([{ip,"0.0.0.0"},{port,8001}]) at <0.239.0> exit with reason no match of right hand value {error,{"src/view/greeting/create.html",[{{11,4},erlydtl_parser,["syntax error before: ",["\"endblock\""]]}]}} in boss_load:'-load_views/3-fun-0-'/5 line 286 in context child_terminated
2013-09-08 23:16:02.504 [error] <0.282.0> gen_server boss_service_sup terminated with reason: no match of right hand value {error,{"src/view/greeting/create.html",[{{11,4},erlydtl_parser,["syntax error before: ",["\"endblock\""]]}]}} in boss_load:'-load_views/3-fun-0-'/5 line 286
2013-09-08 23:16:02.538 [error] <0.282.0> CRASH REPORT Process <0.282.0> with 0 neighbours exited with reason: no match of right hand value {error,{"src/view/greeting/create.html",[{{11,4},erlydtl_parser,["syntax error before: ",["\"endblock\""]]}]}} in boss_load:'-load_views/3-fun-0-'/5 line 286 in gen_server:terminate/6 line 744
2013-09-08 23:16:02.569 [error] <0.243.0> gen_server boss_db_sup terminated with reason: no match of right hand value {error,{"src/view/greeting/create.html",[{{11,4},erlydtl_parser,["syntax error before: ",["\"endblock\""]]}]}} in boss_load:'-load_views/3-fun-0-'/5 line 286
2013-09-08 23:16:02.613 [error] <0.243.0> CRASH REPORT Process boss_db_sup with 0 neighbours exited with reason: no match of right hand value {error,{"src/view/greeting/create.html",[{{11,4},erlydtl_parser,["syntax error before: ",["\"endblock\""]]}]}} in boss_load:'-load_views/3-fun-0-'/5 line 286 in gen_server:terminate/6 line 744
2013-09-08 23:16:02.647 [error] <0.241.0> gen_server boss_db_mock_sup terminated with reason: no match of right hand value {error,{"src/view/greeting/create.html",[{{11,4},erlydtl_parser,["syntax error before: ",["\"endblock\""]]}]}} in boss_load:'-load_views/3-fun-0-'/5 line 286
2013-09-08 23:16:02.682 [error] <0.241.0> CRASH REPORT Process <0.241.0> with 0 neighbours exited with reason: no match of right hand value {error,{"src/view/greeting/create.html",[{{11,4},erlydtl_parser,["syntax error before: ",["\"endblock\""]]}]}} in boss_load:'-load_views/3-fun-0-'/5 line 286 in gen_server:terminate/6 line 744
2013-09-08 23:16:02.715 [error] <0.253.0> gen_server boss_session_sup terminated with reason: no match of right hand value {error,{"src/view/greeting/create.html",[{{11,4},erlydtl_parser,["syntax error before: ",["\"endblock\""]]}]}} in boss_load:'-load_views/3-fun-0-'/5 line 286
2013-09-08 23:16:02.746 [error] <0.253.0> CRASH REPORT Process boss_session_sup with 0 neighbours exited with reason: no match of right hand value {error,{"src/view/greeting/create.html",[{{11,4},erlydtl_parser,["syntax error before: ",["\"endblock\""]]}]}} in boss_load:'-load_views/3-fun-0-'/5 line 286 in gen_server:terminate/6 line 744
2013-09-08 23:16:02.778 [error] <0.278.0> gen_server boss_news_sup terminated with reason: no match of right hand value {error,{"src/view/greeting/create.html",[{{11,4},erlydtl_parser,["syntax error before: ",["\"endblock\""]]}]}} in boss_load:'-load_views/3-fun-0-'/5 line 286
2013-09-08 23:16:02.814 [error] <0.278.0> CRASH REPORT Process <0.278.0> with 0 neighbours exited with reason: no match of right hand value {error,{"src/view/greeting/create.html",[{{11,4},erlydtl_parser,["syntax error before: ",["\"endblock\""]]}]}} in boss_load:'-load_views/3-fun-0-'/5 line 286 in gen_server:terminate/6 line 744
2013-09-08 23:16:02.844 [error] <0.276.0> gen_server boss_mq_sup terminated with reason: no match of right hand value {error,{"src/view/greeting/create.html",[{{11,4},erlydtl_parser,["syntax error before: ",["\"endblock\""]]}]}} in boss_load:'-load_views/3-fun-0-'/5 line 286
2013-09-08 23:16:02.878 [error] <0.276.0> CRASH REPORT Process <0.276.0> with 0 neighbours exited with reason: no match of right hand value {error,{"src/view/greeting/create.html",[{{11,4},erlydtl_parser,["syntax error before: ",["\"endblock\""]]}]}} in boss_load:'-load_views/3-fun-0-'/5 line 286 in gen_server:terminate/6 line 744
2013-09-08 23:16:02.912 [error] <0.251.0> gen_server boss_session_mock_sup terminated with reason: no match of right hand value {error,{"src/view/greeting/create.html",[{{11,4},erlydtl_parser,["syntax error before: ",["\"endblock\""]]}]}} in boss_load:'-load_views/3-fun-0-'/5 line 286
2013-09-08 23:16:02.946 [error] <0.251.0> CRASH REPORT Process <0.251.0> with 0 neighbours exited with reason: no match of right hand value {error,{"src/view/greeting/create.html",[{{11,4},erlydtl_parser,["syntax error before: ",["\"endblock\""]]}]}} in boss_load:'-load_views/3-fun-0-'/5 line 286 in gen_server:terminate/6 line 744
2013-09-08 23:16:02.978 [error] <0.303.0> gen_server <0.303.0> terminated with reason: no match of right hand value {error,{"src/view/greeting/create.html",[{{11,4},erlydtl_parser,["syntax error before: ",["\"endblock\""]]}]}} in boss_load:'-load_views/3-fun-0-'/5 line 286
2013-09-08 23:16:03.011 [error] <0.303.0> CRASH REPORT Process <0.303.0> with 0 neighbours exited with reason: no match of right hand value {error,{"src/view/greeting/create.html",[{{11,4},erlydtl_parser,["syntax error before: ",["\"endblock\""]]}]}} in boss_load:'-load_views/3-fun-0-'/5 line 286 in gen_server:terminate/6 line 744
2013-09-08 23:16:03.043 [error] <0.300.0> gen_server <0.300.0> terminated with reason: no match of right hand value {error,{"src/view/greeting/create.html",[{{11,4},erlydtl_parser,["syntax error before: ",["\"endblock\""]]}]}} in boss_load:'-load_views/3-fun-0-'/5 line 286
2013-09-08 23:16:03.077 [error] <0.300.0> CRASH REPORT Process <0.300.0> with 0 neighbours exited with reason: no match of right hand value {error,{"src/view/greeting/create.html",[{{11,4},erlydtl_parser,["syntax error before: ",["\"endblock\""]]}]}} in boss_load:'-load_views/3-fun-0-'/5 line 286 in gen_server:terminate/6 line 744
2013-09-08 23:16:03.109 [error] <0.280.0> gen_server boss_mail_sup terminated with reason: no match of right hand value {error,{"src/view/greeting/create.html",[{{11,4},erlydtl_parser,["syntax error before: ",["\"endblock\""]]}]}} in boss_load:'-load_views/3-fun-0-'/5 line 286
2013-09-08 23:16:03.142 [error] <0.280.0> CRASH REPORT Process boss_mail_sup with 0 neighbours exited with reason: no match of right hand value {error,{"src/view/greeting/create.html",[{{11,4},erlydtl_parser,["syntax error before: ",["\"endblock\""]]}]}} in boss_load:'-load_views/3-fun-0-'/5 line 286 in gen_server:terminate/6 line 744
2013-09-08 23:16:03.175 [error] <0.255.0> Supervisor poolboy_sup had child boss_session_controller started with boss_session_controller:start_link([{size,20},{max_overflow,40},{adapter,boss_session_adapter_mock},{session_exp_time,525600},{session_key,...}]) at undefined exit with reason shutdown in context shutdown_error
2013-09-08 23:16:03.206 [info] <0.312.0> Starting Boss in development mode....

2013-09-08 23:16:03.208 [info] <0.312.0> Starting master services on cb_tutorial@a86d68723e7f

2013-09-08 23:16:03.212 [info] <0.312.0> SSL:[]

